07/23/2022 01:36:16 AM loaded corpus index from artifacts/wiki_data/BoW_corpus.mm.index
07/23/2022 01:36:16 AM initializing cython corpus reader from artifacts/wiki_data/BoW_corpus.mm
07/23/2022 01:36:16 AM accepted corpus with 1137 documents, 14599 features, 70533 non-zero entries
07/23/2022 01:36:16 AM loading Dictionary object from artifacts/wiki_data/dictionary.mm
07/23/2022 01:36:16 AM Dictionary lifecycle event {'fname': 'artifacts/wiki_data/dictionary.mm', 'datetime': '2022-07-23T01:36:16.605338', 'gensim': '4.1.2', 'python': '3.10.4 | packaged by conda-forge | (main, Mar 24 2022, 17:45:10) [Clang 12.0.1 ]', 'platform': 'macOS-12.4-x86_64-i386-64bit', 'event': 'loaded'}
07/23/2022 01:37:54 AM loaded corpus index from artifacts/wiki_data/BoW_corpus.mm.index
07/23/2022 01:37:54 AM initializing cython corpus reader from artifacts/wiki_data/BoW_corpus.mm
07/23/2022 01:37:54 AM accepted corpus with 1137 documents, 14599 features, 70533 non-zero entries
07/23/2022 01:37:54 AM loading Dictionary object from artifacts/wiki_data/dictionary.mm
07/23/2022 01:37:54 AM Dictionary lifecycle event {'fname': 'artifacts/wiki_data/dictionary.mm', 'datetime': '2022-07-23T01:37:54.809553', 'gensim': '4.1.2', 'python': '3.10.4 | packaged by conda-forge | (main, Mar 24 2022, 17:45:10) [Clang 12.0.1 ]', 'platform': 'macOS-12.4-x86_64-i386-64bit', 'event': 'loaded'}
07/23/2022 01:38:43 AM loaded corpus index from artifacts/wiki_data/BoW_corpus.mm.index
07/23/2022 01:38:43 AM initializing cython corpus reader from artifacts/wiki_data/BoW_corpus.mm
07/23/2022 01:38:43 AM accepted corpus with 1137 documents, 14599 features, 70533 non-zero entries
07/23/2022 01:38:43 AM loading Dictionary object from artifacts/wiki_data/dictionary.mm
07/23/2022 01:38:43 AM Dictionary lifecycle event {'fname': 'artifacts/wiki_data/dictionary.mm', 'datetime': '2022-07-23T01:38:43.848452', 'gensim': '4.1.2', 'python': '3.10.4 | packaged by conda-forge | (main, Mar 24 2022, 17:45:10) [Clang 12.0.1 ]', 'platform': 'macOS-12.4-x86_64-i386-64bit', 'event': 'loaded'}
07/23/2022 01:39:51 AM loaded corpus index from artifacts/wiki_data/BoW_corpus.mm.index
07/23/2022 01:39:51 AM initializing cython corpus reader from artifacts/wiki_data/BoW_corpus.mm
07/23/2022 01:39:51 AM accepted corpus with 1137 documents, 14599 features, 70533 non-zero entries
07/23/2022 01:39:51 AM loading Dictionary object from artifacts/wiki_data/dictionary.mm
07/23/2022 01:39:51 AM Dictionary lifecycle event {'fname': 'artifacts/wiki_data/dictionary.mm', 'datetime': '2022-07-23T01:39:51.683602', 'gensim': '4.1.2', 'python': '3.10.4 | packaged by conda-forge | (main, Mar 24 2022, 17:45:10) [Clang 12.0.1 ]', 'platform': 'macOS-12.4-x86_64-i386-64bit', 'event': 'loaded'}
07/23/2022 01:39:51 AM Fit STM on the reference corpus assuming 10 topics
07/23/2022 01:40:08 AM loaded corpus index from artifacts/wiki_data/BoW_corpus.mm.index
07/23/2022 01:40:08 AM initializing cython corpus reader from artifacts/wiki_data/BoW_corpus.mm
07/23/2022 01:40:08 AM accepted corpus with 1137 documents, 14599 features, 70533 non-zero entries
07/23/2022 01:40:08 AM loading Dictionary object from artifacts/wiki_data/dictionary.mm
07/23/2022 01:40:08 AM Dictionary lifecycle event {'fname': 'artifacts/wiki_data/dictionary.mm', 'datetime': '2022-07-23T01:40:08.253720', 'gensim': '4.1.2', 'python': '3.10.4 | packaged by conda-forge | (main, Mar 24 2022, 17:45:10) [Clang 12.0.1 ]', 'platform': 'macOS-12.4-x86_64-i386-64bit', 'event': 'loaded'}
07/23/2022 01:40:08 AM Fit STM on the reference corpus assuming 10 topics
07/23/2022 01:40:08 AM Fit STM for 10 topics
07/23/2022 01:40:08 AM ––––––––––––––––––––––––––––––––––––––––––––––––––––––––
07/23/2022 01:40:08 AM E-Step iteration 0
07/23/2022 01:40:20 AM Lower Bound: -1020416.4832653906
07/23/2022 01:40:20 AM Completed E-Step in 12.181 seconds. 

07/23/2022 01:40:20 AM M-Step iteration 0
07/23/2022 01:40:44 AM storing corpus in Matrix Market format to artifacts/wiki_data/BoW_corpus.mm
07/23/2022 01:40:44 AM saving sparse matrix to artifacts/wiki_data/BoW_corpus.mm
07/23/2022 01:40:44 AM PROGRESS: saving document #0
07/23/2022 01:40:44 AM PROGRESS: saving document #1000
07/23/2022 01:40:44 AM saved 1137x14599 matrix, density=0.425% (70533/16599063)
07/23/2022 01:40:44 AM saving MmCorpus index to artifacts/wiki_data/BoW_corpus.mm.index
07/23/2022 01:40:44 AM Dictionary lifecycle event {'fname_or_handle': 'artifacts/wiki_data/dictionary.mm', 'separately': 'None', 'sep_limit': 10485760, 'ignore': frozenset(), 'datetime': '2022-07-23T01:40:44.839944', 'gensim': '4.1.2', 'python': '3.10.4 | packaged by conda-forge | (main, Mar 24 2022, 17:45:10) [Clang 12.0.1 ]', 'platform': 'macOS-12.4-x86_64-i386-64bit', 'event': 'saving'}
07/23/2022 01:40:44 AM saved artifacts/wiki_data/dictionary.mm
07/23/2022 01:42:08 AM loaded corpus index from artifacts/wiki_data/BoW_corpus.mm.index
07/23/2022 01:42:08 AM initializing cython corpus reader from artifacts/wiki_data/BoW_corpus.mm
07/23/2022 01:42:08 AM accepted corpus with 1137 documents, 14599 features, 70533 non-zero entries
07/23/2022 01:42:08 AM loading Dictionary object from artifacts/wiki_data/dictionary.mm
07/23/2022 01:42:08 AM Dictionary lifecycle event {'fname': 'artifacts/wiki_data/dictionary.mm', 'datetime': '2022-07-23T01:42:08.317518', 'gensim': '4.1.2', 'python': '3.10.4 | packaged by conda-forge | (main, Mar 24 2022, 17:45:10) [Clang 12.0.1 ]', 'platform': 'macOS-12.4-x86_64-i386-64bit', 'event': 'loaded'}
07/23/2022 01:45:04 AM loaded corpus index from artifacts/wiki_data/BoW_corpus.mm.index
07/23/2022 01:45:04 AM initializing cython corpus reader from artifacts/wiki_data/BoW_corpus.mm
07/23/2022 01:45:04 AM accepted corpus with 1015 documents, 13852 features, 61388 non-zero entries
07/23/2022 01:45:04 AM loading Dictionary object from artifacts/wiki_data/dictionary.mm
07/23/2022 01:45:04 AM Dictionary lifecycle event {'fname': 'artifacts/wiki_data/dictionary.mm', 'datetime': '2022-07-23T01:45:04.778396', 'gensim': '4.1.2', 'python': '3.10.4 | packaged by conda-forge | (main, Mar 24 2022, 17:45:10) [Clang 12.0.1 ]', 'platform': 'macOS-12.4-x86_64-i386-64bit', 'event': 'loaded'}
07/23/2022 01:45:04 AM Fit STM on the reference corpus assuming 10 topics
07/23/2022 01:45:04 AM Fit STM for 10 topics
07/23/2022 01:45:04 AM ––––––––––––––––––––––––––––––––––––––––––––––––––––––––
07/23/2022 01:45:04 AM E-Step iteration 0
07/23/2022 01:45:15 AM Lower Bound: -864146.1803046324
07/23/2022 01:45:15 AM Completed E-Step in 11.006 seconds. 

07/23/2022 01:45:15 AM M-Step iteration 0
07/23/2022 01:45:15 AM Completed M-Step in 0.003 seconds. 

07/23/2022 01:45:15 AM E-Step iteration 1
07/23/2022 01:45:26 AM Lower Bound: -694509.1964458504
07/23/2022 01:45:26 AM Completed E-Step in 10.221 seconds. 

07/23/2022 01:45:26 AM M-Step iteration 1
07/23/2022 01:45:26 AM Completed M-Step in 0.003 seconds. 

07/23/2022 01:45:26 AM relative change: 0.19630588866224097
07/23/2022 01:45:26 AM E-Step iteration 2
07/23/2022 01:45:36 AM Lower Bound: -692747.915187162
07/23/2022 01:45:36 AM Completed E-Step in 10.244 seconds. 

07/23/2022 01:45:36 AM M-Step iteration 2
07/23/2022 01:45:36 AM Completed M-Step in 0.002 seconds. 

07/23/2022 01:45:36 AM relative change: 0.002536008547765499
07/23/2022 01:45:36 AM E-Step iteration 3
07/23/2022 01:45:46 AM Lower Bound: -690691.5567791827
07/23/2022 01:45:46 AM Completed E-Step in 10.155 seconds. 

07/23/2022 01:45:46 AM M-Step iteration 3
07/23/2022 01:45:46 AM Completed M-Step in 0.003 seconds. 

07/23/2022 01:45:46 AM relative change: 0.0029684079343980066
07/23/2022 01:45:46 AM E-Step iteration 4
07/23/2022 01:45:56 AM Lower Bound: -688201.236023773
07/23/2022 01:45:56 AM Completed E-Step in 10.14 seconds. 

07/23/2022 01:45:56 AM M-Step iteration 4
07/23/2022 01:45:56 AM Completed M-Step in 0.002 seconds. 

07/23/2022 01:45:56 AM relative change: 0.0036055468334122726
07/23/2022 01:45:56 AM E-Step iteration 5
07/23/2022 01:46:06 AM Lower Bound: -685276.3241623347
07/23/2022 01:46:06 AM Completed E-Step in 9.998 seconds. 

07/23/2022 01:46:06 AM M-Step iteration 5
07/23/2022 01:46:06 AM Completed M-Step in 0.003 seconds. 

07/23/2022 01:46:06 AM relative change: 0.004250082255500725
07/23/2022 01:46:06 AM E-Step iteration 6
07/23/2022 01:46:16 AM Lower Bound: -681920.3684695634
07/23/2022 01:46:16 AM Completed E-Step in 9.967 seconds. 

07/23/2022 01:46:16 AM M-Step iteration 6
07/23/2022 01:46:16 AM Completed M-Step in 0.002 seconds. 

07/23/2022 01:46:16 AM relative change: 0.004897229882957769
07/23/2022 01:46:16 AM E-Step iteration 7
07/23/2022 01:46:27 AM Lower Bound: -678223.9276887337
07/23/2022 01:46:27 AM Completed E-Step in 10.425 seconds. 

07/23/2022 01:46:27 AM M-Step iteration 7
07/23/2022 01:46:27 AM Completed M-Step in 0.002 seconds. 

07/23/2022 01:46:27 AM relative change: 0.00542063406776614
07/23/2022 01:46:27 AM E-Step iteration 8
07/23/2022 01:46:37 AM Lower Bound: -674177.8726609339
07/23/2022 01:46:37 AM Completed E-Step in 10.45 seconds. 

07/23/2022 01:46:37 AM M-Step iteration 8
07/23/2022 01:46:37 AM Completed M-Step in 0.002 seconds. 

07/23/2022 01:46:37 AM relative change: 0.005965662464295579
07/23/2022 01:46:37 AM E-Step iteration 9
07/23/2022 01:46:48 AM Lower Bound: -669843.7867575209
07/23/2022 01:46:48 AM Completed E-Step in 11.169 seconds. 

07/23/2022 01:46:48 AM M-Step iteration 9
07/23/2022 01:46:48 AM Completed M-Step in 0.002 seconds. 

07/23/2022 01:46:48 AM relative change: 0.006428697943328622
07/23/2022 01:46:48 AM E-Step iteration 10
07/23/2022 01:47:00 AM Lower Bound: -665263.3441322328
07/23/2022 01:47:00 AM Completed E-Step in 11.859 seconds. 

07/23/2022 01:47:00 AM M-Step iteration 10
07/23/2022 01:47:00 AM Completed M-Step in 0.003 seconds. 

07/23/2022 01:47:00 AM relative change: 0.0068380758556563686
07/23/2022 01:47:00 AM E-Step iteration 11
07/23/2022 01:47:11 AM Lower Bound: -660569.9589302927
07/23/2022 01:47:11 AM Completed E-Step in 10.799 seconds. 

07/23/2022 01:47:11 AM M-Step iteration 11
07/23/2022 01:47:11 AM Completed M-Step in 0.002 seconds. 

07/23/2022 01:47:11 AM relative change: 0.007054928312730225
07/23/2022 01:47:11 AM E-Step iteration 12
07/23/2022 01:47:21 AM Lower Bound: -655856.9371831439
07/23/2022 01:47:21 AM Completed E-Step in 9.995 seconds. 

07/23/2022 01:47:21 AM M-Step iteration 12
07/23/2022 01:47:21 AM Completed M-Step in 0.003 seconds. 

07/23/2022 01:47:21 AM relative change: 0.007134780629111495
07/23/2022 01:47:21 AM E-Step iteration 13
07/23/2022 01:47:31 AM Lower Bound: -651200.6811094508
07/23/2022 01:47:31 AM Completed E-Step in 10.176 seconds. 

07/23/2022 01:47:31 AM M-Step iteration 13
07/23/2022 01:47:31 AM Completed M-Step in 0.003 seconds. 

07/23/2022 01:47:31 AM relative change: 0.007099499616016004
07/23/2022 01:47:31 AM E-Step iteration 14
07/23/2022 01:47:41 AM Lower Bound: -646587.2234685535
07/23/2022 01:47:41 AM Completed E-Step in 9.992 seconds. 

07/23/2022 01:47:41 AM M-Step iteration 14
07/23/2022 01:47:41 AM Completed M-Step in 0.002 seconds. 

07/23/2022 01:47:41 AM relative change: 0.0070845405644190985
07/23/2022 01:47:41 AM E-Step iteration 15
07/23/2022 01:47:51 AM Lower Bound: -642023.9682762374
07/23/2022 01:47:51 AM Completed E-Step in 10.059 seconds. 

07/23/2022 01:47:51 AM M-Step iteration 15
07/23/2022 01:47:51 AM Completed M-Step in 0.003 seconds. 

07/23/2022 01:47:51 AM relative change: 0.007057447203854422
07/23/2022 01:47:51 AM E-Step iteration 16
07/23/2022 01:48:01 AM Lower Bound: -637566.6471862575
07/23/2022 01:48:01 AM Completed E-Step in 10.391 seconds. 

07/23/2022 01:48:01 AM M-Step iteration 16
07/23/2022 01:48:01 AM Completed M-Step in 0.002 seconds. 

07/23/2022 01:48:01 AM relative change: 0.006942608547695271
07/23/2022 01:48:01 AM E-Step iteration 17
07/23/2022 01:48:12 AM Lower Bound: -633342.8268541277
07/23/2022 01:48:12 AM Completed E-Step in 10.833 seconds. 

07/23/2022 01:48:12 AM M-Step iteration 17
07/23/2022 01:48:12 AM Completed M-Step in 0.003 seconds. 

07/23/2022 01:48:12 AM relative change: 0.006624907922600123
07/23/2022 01:48:12 AM E-Step iteration 18
07/23/2022 01:48:22 AM Lower Bound: -629283.8223534576
07/23/2022 01:48:22 AM Completed E-Step in 10.101 seconds. 

07/23/2022 01:48:22 AM M-Step iteration 18
07/23/2022 01:48:22 AM Completed M-Step in 0.003 seconds. 

07/23/2022 01:48:22 AM relative change: 0.0064088584074308945
07/23/2022 01:48:22 AM E-Step iteration 19
07/23/2022 01:48:33 AM Lower Bound: -625378.3303959367
07/23/2022 01:48:33 AM Completed E-Step in 10.868 seconds. 

07/23/2022 01:48:33 AM M-Step iteration 19
07/23/2022 01:48:33 AM Completed M-Step in 0.003 seconds. 

07/23/2022 01:48:33 AM relative change: 0.006206248784395394
07/23/2022 01:48:33 AM E-Step iteration 20
07/23/2022 01:48:44 AM Lower Bound: -621705.5928720983
07/23/2022 01:48:44 AM Completed E-Step in 10.987 seconds. 

07/23/2022 01:48:44 AM M-Step iteration 20
07/23/2022 01:48:44 AM Completed M-Step in 0.002 seconds. 

07/23/2022 01:48:44 AM relative change: 0.005872825048979783
07/23/2022 01:48:44 AM E-Step iteration 21
07/23/2022 01:48:54 AM Lower Bound: -618173.936488968
07/23/2022 01:48:54 AM Completed E-Step in 9.859 seconds. 

07/23/2022 01:48:54 AM M-Step iteration 21
07/23/2022 01:48:54 AM Completed M-Step in 0.002 seconds. 

07/23/2022 01:48:54 AM relative change: 0.005680592910247323
07/23/2022 01:48:54 AM E-Step iteration 22
07/23/2022 01:49:04 AM Lower Bound: -614835.8725449861
07/23/2022 01:49:04 AM Completed E-Step in 9.873 seconds. 

07/23/2022 01:49:04 AM M-Step iteration 22
07/23/2022 01:49:04 AM Completed M-Step in 0.002 seconds. 

07/23/2022 01:49:04 AM relative change: 0.005399878168499042
07/23/2022 01:49:04 AM E-Step iteration 23
07/23/2022 01:49:14 AM Lower Bound: -611709.0500227498
07/23/2022 01:49:14 AM Completed E-Step in 9.805 seconds. 

07/23/2022 01:49:14 AM M-Step iteration 23
07/23/2022 01:49:14 AM Completed M-Step in 0.002 seconds. 

07/23/2022 01:49:14 AM relative change: 0.005085621483491897
07/23/2022 01:49:14 AM E-Step iteration 24
07/23/2022 01:49:24 AM Lower Bound: -608696.5485242445
07/23/2022 01:49:24 AM Completed E-Step in 9.759 seconds. 

07/23/2022 01:49:24 AM M-Step iteration 24
07/23/2022 01:49:24 AM Completed M-Step in 0.002 seconds. 

07/23/2022 01:49:24 AM relative change: 0.0049247293274365
07/23/2022 01:49:24 AM maximum number of iterations (25) reached after 259.21301889419556 seconds
07/23/2022 01:49:24 AM saving model to artifacts/reference_model/10
07/23/2022 01:49:24 AM Save model to artifacts/reference_model/10/stm_config.json
07/23/2022 01:51:07 AM loaded corpus index from artifacts/wiki_data/BoW_corpus.mm.index
07/23/2022 01:51:07 AM initializing cython corpus reader from artifacts/wiki_data/BoW_corpus.mm
07/23/2022 01:51:07 AM accepted corpus with 1015 documents, 13852 features, 61388 non-zero entries
07/23/2022 01:51:07 AM loading Dictionary object from artifacts/wiki_data/dictionary.mm
07/23/2022 01:51:07 AM Dictionary lifecycle event {'fname': 'artifacts/wiki_data/dictionary.mm', 'datetime': '2022-07-23T01:51:07.079310', 'gensim': '4.1.2', 'python': '3.10.4 | packaged by conda-forge | (main, Mar 24 2022, 17:45:10) [Clang 12.0.1 ]', 'platform': 'macOS-12.4-x86_64-i386-64bit', 'event': 'loaded'}
07/23/2022 01:51:07 AM Fit STM on the reference corpus assuming 30 topics
07/23/2022 01:51:07 AM Fit STM for 30 topics
07/23/2022 01:51:07 AM ––––––––––––––––––––––––––––––––––––––––––––––––––––––––
07/23/2022 01:51:07 AM E-Step iteration 0
07/23/2022 01:51:19 AM Lower Bound: -846473.0084010805
07/23/2022 01:51:19 AM Completed E-Step in 12.569 seconds. 

07/23/2022 01:51:19 AM M-Step iteration 0
07/23/2022 01:51:19 AM Completed M-Step in 0.008 seconds. 

07/23/2022 01:51:19 AM E-Step iteration 1
07/23/2022 01:51:30 AM Lower Bound: -685013.9162655415
07/23/2022 01:51:30 AM Completed E-Step in 11.169 seconds. 

07/23/2022 01:51:30 AM M-Step iteration 1
07/23/2022 01:51:30 AM Completed M-Step in 0.007 seconds. 

07/23/2022 01:51:30 AM relative change: 0.19074334389057757
07/23/2022 01:51:30 AM E-Step iteration 2
07/23/2022 01:51:41 AM Lower Bound: -673988.3827307269
07/23/2022 01:51:41 AM Completed E-Step in 10.876 seconds. 

07/23/2022 01:51:41 AM M-Step iteration 2
07/23/2022 01:51:41 AM Completed M-Step in 0.006 seconds. 

07/23/2022 01:51:41 AM relative change: 0.016095342405482785
07/23/2022 01:51:41 AM E-Step iteration 3
07/23/2022 01:51:52 AM Lower Bound: -663360.3189379649
07/23/2022 01:51:52 AM Completed E-Step in 10.93 seconds. 

07/23/2022 01:51:52 AM M-Step iteration 3
07/23/2022 01:51:52 AM Completed M-Step in 0.006 seconds. 

07/23/2022 01:51:52 AM relative change: 0.0157689124398575
07/23/2022 01:51:52 AM E-Step iteration 4
07/23/2022 01:52:03 AM Lower Bound: -652760.1425088361
07/23/2022 01:52:03 AM Completed E-Step in 10.927 seconds. 

07/23/2022 01:52:03 AM M-Step iteration 4
07/23/2022 01:52:03 AM Completed M-Step in 0.008 seconds. 

07/23/2022 01:52:03 AM relative change: 0.01597951539534283
07/23/2022 01:52:03 AM E-Step iteration 5
07/23/2022 01:52:14 AM Lower Bound: -642133.2257299536
07/23/2022 01:52:14 AM Completed E-Step in 10.844 seconds. 

07/23/2022 01:52:14 AM M-Step iteration 5
07/23/2022 01:52:14 AM Completed M-Step in 0.007 seconds. 

07/23/2022 01:52:14 AM relative change: 0.016279971902142674
07/23/2022 01:52:14 AM E-Step iteration 6
07/23/2022 01:52:25 AM Lower Bound: -631595.0886779745
07/23/2022 01:52:25 AM Completed E-Step in 10.687 seconds. 

07/23/2022 01:52:25 AM M-Step iteration 6
07/23/2022 01:52:25 AM Completed M-Step in 0.006 seconds. 

07/23/2022 01:52:25 AM relative change: 0.016411138109229142
07/23/2022 01:52:25 AM E-Step iteration 7
07/23/2022 01:52:36 AM Lower Bound: -621129.3782870928
07/23/2022 01:52:36 AM Completed E-Step in 10.817 seconds. 

07/23/2022 01:52:36 AM M-Step iteration 7
07/23/2022 01:52:36 AM Completed M-Step in 0.005 seconds. 

07/23/2022 01:52:36 AM relative change: 0.016570284630914547
07/23/2022 01:52:36 AM E-Step iteration 8
07/23/2022 01:52:46 AM Lower Bound: -610882.5877121472
07/23/2022 01:52:46 AM Completed E-Step in 10.702 seconds. 

07/23/2022 01:52:46 AM M-Step iteration 8
07/23/2022 01:52:46 AM Completed M-Step in 0.005 seconds. 

07/23/2022 01:52:46 AM relative change: 0.016497030945796687
07/23/2022 01:52:46 AM E-Step iteration 9
07/23/2022 01:52:57 AM Lower Bound: -600928.9924718507
07/23/2022 01:52:57 AM Completed E-Step in 10.511 seconds. 

07/23/2022 01:52:57 AM M-Step iteration 9
07/23/2022 01:52:57 AM Completed M-Step in 0.006 seconds. 

07/23/2022 01:52:57 AM relative change: 0.016293794324003
07/23/2022 01:52:57 AM E-Step iteration 10
07/23/2022 01:53:07 AM Lower Bound: -591452.5442129748
07/23/2022 01:53:07 AM Completed E-Step in 10.546 seconds. 

07/23/2022 01:53:07 AM M-Step iteration 10
07/23/2022 01:53:07 AM Completed M-Step in 0.006 seconds. 

07/23/2022 01:53:07 AM relative change: 0.0157696639329975
07/23/2022 01:53:07 AM E-Step iteration 11
07/23/2022 01:53:18 AM Lower Bound: -582554.2009110858
07/23/2022 01:53:18 AM Completed E-Step in 10.519 seconds. 

07/23/2022 01:53:18 AM M-Step iteration 11
07/23/2022 01:53:18 AM Completed M-Step in 0.006 seconds. 

07/23/2022 01:53:18 AM relative change: 0.01504489817307276
07/23/2022 01:53:18 AM E-Step iteration 12
07/23/2022 01:53:29 AM Lower Bound: -574305.0254855675
07/23/2022 01:53:29 AM Completed E-Step in 10.638 seconds. 

07/23/2022 01:53:29 AM M-Step iteration 12
07/23/2022 01:53:29 AM Completed M-Step in 0.005 seconds. 

07/23/2022 01:53:29 AM relative change: 0.014160356946387141
07/23/2022 01:53:29 AM E-Step iteration 13
07/23/2022 01:53:40 AM Lower Bound: -566793.233459019
07/23/2022 01:53:40 AM Completed E-Step in 11.286 seconds. 

07/23/2022 01:53:40 AM M-Step iteration 13
07/23/2022 01:53:40 AM Completed M-Step in 0.007 seconds. 

07/23/2022 01:53:40 AM relative change: 0.013079795044797678
07/23/2022 01:53:40 AM E-Step iteration 14
07/23/2022 01:53:52 AM Lower Bound: -559881.4376847687
07/23/2022 01:53:52 AM Completed E-Step in 12.442 seconds. 

07/23/2022 01:53:52 AM M-Step iteration 14
07/23/2022 01:53:52 AM Completed M-Step in 0.007 seconds. 

07/23/2022 01:53:52 AM relative change: 0.012194562966232088
07/23/2022 01:53:52 AM E-Step iteration 15
07/23/2022 01:54:03 AM Lower Bound: -553407.6971882079
07/23/2022 01:54:03 AM Completed E-Step in 11.168 seconds. 

07/23/2022 01:54:03 AM M-Step iteration 15
07/23/2022 01:54:03 AM Completed M-Step in 0.007 seconds. 

07/23/2022 01:54:03 AM relative change: 0.011562698923063313
07/23/2022 01:54:03 AM E-Step iteration 16
07/23/2022 01:54:14 AM Lower Bound: -547335.7437987749
07/23/2022 01:54:14 AM Completed E-Step in 11.001 seconds. 

07/23/2022 01:54:14 AM M-Step iteration 16
07/23/2022 01:54:14 AM Completed M-Step in 0.007 seconds. 

07/23/2022 01:54:14 AM relative change: 0.010971935194041898
07/23/2022 01:54:14 AM E-Step iteration 17
07/23/2022 01:54:25 AM Lower Bound: -541753.6745135561
07/23/2022 01:54:25 AM Completed E-Step in 10.316 seconds. 

07/23/2022 01:54:25 AM M-Step iteration 17
07/23/2022 01:54:25 AM Completed M-Step in 0.006 seconds. 

07/23/2022 01:54:25 AM relative change: 0.010198620039825235
07/23/2022 01:54:25 AM E-Step iteration 18
07/23/2022 01:54:36 AM Lower Bound: -536547.7682859213
07/23/2022 01:54:36 AM Completed E-Step in 10.775 seconds. 

07/23/2022 01:54:36 AM M-Step iteration 18
07/23/2022 01:54:36 AM Completed M-Step in 0.007 seconds. 

07/23/2022 01:54:36 AM relative change: 0.009609360254564344
07/23/2022 01:54:36 AM E-Step iteration 19
07/23/2022 01:54:46 AM Lower Bound: -531799.54753153
07/23/2022 01:54:46 AM Completed E-Step in 10.745 seconds. 

07/23/2022 01:54:46 AM M-Step iteration 19
07/23/2022 01:54:46 AM Completed M-Step in 0.005 seconds. 

07/23/2022 01:54:46 AM relative change: 0.008849576934333643
07/23/2022 01:54:46 AM E-Step iteration 20
07/23/2022 01:54:57 AM Lower Bound: -527360.473383802
07/23/2022 01:54:57 AM Completed E-Step in 10.734 seconds. 

07/23/2022 01:54:57 AM M-Step iteration 20
07/23/2022 01:54:57 AM Completed M-Step in 0.006 seconds. 

07/23/2022 01:54:57 AM relative change: 0.008347269508469916
07/23/2022 01:54:57 AM E-Step iteration 21
07/23/2022 01:55:08 AM Lower Bound: -523445.83617957705
07/23/2022 01:55:08 AM Completed E-Step in 11.334 seconds. 

07/23/2022 01:55:08 AM M-Step iteration 21
07/23/2022 01:55:08 AM Completed M-Step in 0.009 seconds. 

07/23/2022 01:55:08 AM relative change: 0.0074230766274664475
07/23/2022 01:55:08 AM E-Step iteration 22
07/23/2022 01:55:20 AM Lower Bound: -519665.0224533024
07/23/2022 01:55:20 AM Completed E-Step in 11.539 seconds. 

07/23/2022 01:55:20 AM M-Step iteration 22
07/23/2022 01:55:20 AM Completed M-Step in 0.006 seconds. 

07/23/2022 01:55:20 AM relative change: 0.007222932087624006
07/23/2022 01:55:20 AM E-Step iteration 23
07/23/2022 01:55:32 AM Lower Bound: -516368.4408815092
07/23/2022 01:55:32 AM Completed E-Step in 11.619 seconds. 

07/23/2022 01:55:32 AM M-Step iteration 23
07/23/2022 01:55:32 AM Completed M-Step in 0.006 seconds. 

07/23/2022 01:55:32 AM relative change: 0.006343666456961547
07/23/2022 01:55:32 AM E-Step iteration 24
07/23/2022 01:55:43 AM Lower Bound: -513273.9584804777
07/23/2022 01:55:43 AM Completed E-Step in 11.26 seconds. 

07/23/2022 01:55:43 AM M-Step iteration 24
07/23/2022 01:55:43 AM Completed M-Step in 0.006 seconds. 

07/23/2022 01:55:43 AM relative change: 0.00599277987583603
07/23/2022 01:55:43 AM maximum number of iterations (25) reached after 276.1489489078522 seconds
07/23/2022 01:55:43 AM saving model to artifacts/reference_model/30
07/23/2022 01:55:43 AM Save model to artifacts/reference_model/30/stm_config.json
07/23/2022 01:00:12 PM loaded corpus index from artifacts/wiki_data/BoW_corpus.mm.index
07/23/2022 01:00:12 PM initializing cython corpus reader from artifacts/wiki_data/BoW_corpus.mm
07/23/2022 01:00:12 PM accepted corpus with 1015 documents, 13852 features, 61388 non-zero entries
07/23/2022 01:00:12 PM loading Dictionary object from artifacts/wiki_data/dictionary.mm
07/23/2022 01:00:12 PM Dictionary lifecycle event {'fname': 'artifacts/wiki_data/dictionary.mm', 'datetime': '2022-07-23T13:00:12.371550', 'gensim': '4.1.2', 'python': '3.10.4 | packaged by conda-forge | (main, Mar 24 2022, 17:45:10) [Clang 12.0.1 ]', 'platform': 'macOS-12.4-x86_64-i386-64bit', 'event': 'loaded'}
